No X11 Log info when using XQuartz!

Engine Used: WS9Wine1.9.5
Hardware:

    Hardware Overview:

      Model Name: MacBook Pro
      Model Identifier: MacBookPro10,1
      Processor Name: Intel Core i7
      Processor Speed: 2.6 GHz
      Number of Processors: 1
      Total Number of Cores: 4
      L2 Cache (per Core): 256 KB
      L3 Cache: 6 MB
      Memory: 16 GB
      Boot ROM Version: MBP101.00EE.B0A
      SMC Version (system): 2.3f36

Graphics/Displays:

    Intel HD Graphics 4000:

      Chipset Model: Intel HD Graphics 4000
      Type: GPU
      Bus: Built-In
      VRAM (Dynamic, Max): 1536 MB
      Vendor: Intel (0x8086)
      Device ID: 0x0166
      Revision ID: 0x0009
      gMux Version: 3.2.19 [3.2.8]

    NVIDIA GeForce GT 650M:

      Chipset Model: NVIDIA GeForce GT 650M
      Type: GPU
      Bus: PCIe
      PCIe Lane Width: x8
      VRAM (Total): 1024 MB
      Vendor: NVIDIA (0x10de)
      Device ID: 0x0fd5
      Revision ID: 0x00a2
      ROM Revision: 3688
      gMux Version: 3.2.19 [3.2.8]
      Displays:
        Color LCD:
          Display Type: Retina LCD
          Resolution: 2880 x 1800 Retina
          Retina: Yes
          Pixel Depth: 32-Bit Color (ARGB8888)
          Main Display: Yes
          Mirror: Off
          Online: Yes
          Built-In: Yes
        VX228:
          Resolution: 1920 x 1080 @ 60Hz (1080p)
          Pixel Depth: 32-Bit Color (ARGB8888)
          Display Serial Number: F3LMRS009194
          Mirror: Off
          Online: Yes
          Rotation: Supported
          Television: Yes

